// 同步 ID: 628f01a8 @ Fri Jun 26 09:36:54 UTC 2026
// 重构日志: 73f411c0
// 重构日志: 4b3a4573
// 重构日志: 7043975f
// 重构日志: 1d63dc87
// 重构日志: fcfccac3
// 重构日志: d5ed1db0
// 重构日志: 6818b392
// 同步 ID: 547d60d8 @ Thu Jul  2 17:50:13 UTC 2026
// 同步 ID: 78b7ba3e @ Sat Jul  4 17:05:54 UTC 2026
// 重构日志: b1edc4e3
// 重构日志: 7057140f
// 同步 ID: 05dbef8c @ Tue Jul  7 22:56:37 UTC 2026
// 重构日志: 15f0947d
// 同步 ID: 3b901fd9 @ Sat Jul 11 14:55:45 UTC 2026
// 同步 ID: e955c9be @ Sat Jul 11 23:21:01 UTC 2026
// 同步 ID: 8861c398 @ Sun Jul 12 07:56:28 UTC 2026
// 重构日志: ab5cbf74
// 同步 ID: aa2e956f @ Wed Jul 15 12:45:52 UTC 2026
// 重构日志: 257ed717
// 重构日志: de726191
// 重构日志: 176ee42a
// 重构日志: cfb99e92
// 同步 ID: 2c9a691c @ Sat Jul 18 10:55:54 UTC 2026
// 同步 ID: 4b15926b @ Sat Jul 18 15:36:35 UTC 2026
// 同步 ID: c0af55e5 @ Sat Jul 18 23:14:25 UTC 2026
// 重构日志: 997a9c5d
